Aucune nouvelle information à synchroniser de la table "Shops" - 26/03/2024 15:19:51
Aucune nouvelle information à synchroniser de la table "Shops" - 26/03/2024 15:19:51
Synchronisation de la table Shops terminée - 26/03/2024 15:19:51
Aucune nouvelle information à synchroniser de la table "Caisses" - 26/03/2024 15:19:51
Aucune nouvelle information à synchroniser de la table "Caisses" - 26/03/2024 15:19:51
Synchronisation de la table Caisses terminée - 26/03/2024 15:19:51
Aucune nouvelle information à synchroniser de la table "Settings" - 26/03/2024 15:19:51
Aucune nouvelle information à synchroniser de la table "Settings" - 26/03/2024 15:19:51
Synchronisation de la table Settings terminée - 26/03/2024 15:19:51
Aucune nouvelle information à synchroniser de la table "Users" - 26/03/2024 15:19:51
Aucune nouvelle information à synchroniser de la table "Users" - 26/03/2024 15:19:51
Synchronisation de la table Users terminée - 26/03/2024 15:19:51
Aucune nouvelle information à synchroniser de la table "UserCashbacks" - 26/03/2024 15:19:52
Aucune nouvelle information à synchroniser de la table "UserCashbacks" - 26/03/2024 15:19:52
Synchronisation de la table UserCashbacks terminée - 26/03/2024 15:19:52
Aucune nouvelle information à synchroniser de la table "Cashbacks" - 26/03/2024 15:19:52
Aucune nouvelle information à synchroniser de la table "Cashbacks" - 26/03/2024 15:19:52
Synchronisation de la table Cashbacks terminée - 26/03/2024 15:19:52
Aucune nouvelle information à synchroniser de la table "UserReferrals" - 26/03/2024 15:19:52
Aucune nouvelle information à synchroniser de la table "UserReferrals" - 26/03/2024 15:19:52
Synchronisation de la table UserReferrals terminée - 26/03/2024 15:19:52
Aucune nouvelle information à synchroniser de la table "Transactions" - 26/03/2024 15:19:52
Aucune nouvelle information à synchroniser de la table "Transactions" - 26/03/2024 15:19:52
Synchronisation de la table Transactions terminée - 26/03/2024 15:19:52
Aucune nouvelle information à synchroniser de la table "SettingSponsorings" - 26/03/2024 15:19:53
Aucune nouvelle information à synchroniser de la table "SettingSponsorings" - 26/03/2024 15:19:53
Synchronisation de la table SettingSponsorings terminée - 26/03/2024 15:19:53
Aucune nouvelle information à synchroniser de la table "Shops" - 26/03/2024 15:19:58
Aucune nouvelle information à synchroniser de la table "Caisses" - 26/03/2024 15:19:59
Aucune nouvelle information à synchroniser de la table "Settings" - 26/03/2024 15:19:59
Aucune donnée à mettre à jour pour la table "Settings" - 26/03/2024 15:19:59
Aucune nouvelle information à synchroniser de la table "Users" - 26/03/2024 15:19:59
Aucune donnée à mettre à jour pour la table "Users" - 26/03/2024 15:19:59
Aucune nouvelle information à synchroniser de la table "UserCashbacks" - 26/03/2024 15:19:59
Aucune donnée à mettre à jour pour la table "UserCashbacks" - 26/03/2024 15:19:59
Aucune nouvelle information à synchroniser de la table "Cashbacks" - 26/03/2024 15:20:00
Aucune donnée à mettre à jour pour la table "Cashbacks" - 26/03/2024 15:20:00
Aucune nouvelle information à synchroniser de la table "UserReferrals" - 26/03/2024 15:20:00
Aucune donnée à mettre à jour pour la table "UserReferrals" - 26/03/2024 15:20:00
Aucune nouvelle information à synchroniser de la table "Transactions" - 26/03/2024 15:20:00
Aucune donnée à mettre à jour pour la table "Transactions" - 26/03/2024 15:20:00
Aucune nouvelle information à synchroniser de la table "SettingSponsorings" - 26/03/2024 15:20:00
